[vprusa@fedora proj]$ ./run.sh 
Start 0 : 76279 76280 76279 started
Start 1 : 76279 76281 76279 started
Start 2 : 76279 76282 76279 started
Start 3 : 76279 76283 76279 started
Start 4 : 76279 76284 76279 started
Start 5 : 76279 76285 76279 started
Start 10 : 76279 76290 76279 started
Start 8 : 76279 76288 76279 started
Start 12 : 76279 76292 76279 started
Start 17 : 76279 76297 76279 started
Start 9 : 76279 76289 76279 started
Start 26 : 76279 76306 76279 started
Start 13 : 76279 76293 76279 started
Start 11 : 76279 76291 76279 started
Start 27 : 76279 76307 76279 started
Start 16 : 76279 76296 76279 started
Start 15 : 76279 76295 76279 started
Start 14 : 76279 76294 76279 started
Start 18 : 76279 76298 76279 started
Start 35 : 76279 76315 76279 started
Start 25 : 76279 76305 76279 started
Start 24 : 76279 76304 76279 started
Start 45 : 76279 76325 76279 started
Start 28 : 76279 76308 76279 started
Start 30 : 76279 76310 76279 started
Start 48 : 76279 76328 76279 started
Start 21 : 76279 76301 76279 started
Start 43 : 76279 76323 76279 started
Start 51 : 76279 76331 76279 started
Start 78 : 76279 76358 76279 started
Start 83 : 76279 76363 76279 started
Start 39 : 76279 76319 76279 started
Start 47 : 76279 76327 76279 started
Start 108 : 76279 76388 76279 started
Start 55 : 76279 76335 76279 started
Start 80 : 76279 76360 76279 started
Start 32 : 76279 76312 76279 started
Start 19 : 76279 76299 76279 started
Start 50 : 76279 76330 76279 started
Start 86 : 76279 76366 76279 started
Start 109 : 76279 76389 76279 started
Start 116 : 76279 76396 76279 started
Start 76 : 76279 76356 76279 started
Start 33 : 76279 76313 76279 started
Start 40 : 76279 76320 76279 started
Start 88 : 76279 76368 76279 started
Start 94 : 76279 76374 76279 started
Start 117 : 76279 76397 76279 started
Start 38 : 76279 76318 76279 started
Start 44 : 76279 76324 76279 started
Start 66 : 76279 76346 76279 started
Start 67 : 76279 76347 76279 started
Start 81 : 76279 76361 76279 started
Start 93 : 76279 76373 76279 started
Start 92 : 76279 76372 76279 started
Start 91 : 76279 76371 76279 started
Start 68 : 76279 76348 76279 started
Start 69 : 76279 76349 76279 started
Start 70 : 76279 76350 76279 started
Start 71 : 76279 76351 76279 started
Start 90 : 76279 76370 76279 started
Start 89 : 76279 76369 76279 started
Start 82 : 76279 76362 76279 started
Start 34 : 76279 76314 76279 started
Start 37 : 76279 76317 76279 started
Start 53 : 76279 76333 76279 started
Start 122 : 76279 76402 76279 started
Start 103 : 76279 76383 76279 started
Start 104 : 76279 76384 76279 started
Start 74 : 76279 76354 76279 started
Start 125 : 76279 76405 76279 started
Start 98 : 76279 76378 76279 started
Start 42 : 76279 76322 76279 started
Start 41 : 76279 76321 76279 started
Start 107 : 76279 76387 76279 started
Start 36 : 76279 76316 76279 started
Start 7 : 76279 76287 76279 started
Start 20 : 76279 76300 76279 started
Start 100 : 76279 76380 76279 started
Start 102 : 76279 76382 76279 started
Start 119 : 76279 76399 76279 started
Start 127 : 76279 76407 76279 started
Start 128 : 76279 76408 76279 started
Start 129 : 76279 76409 76279 started
Start 130 : 76279 76410 76279 started
Start 22 : 76279 76302 76279 started
Start 52 : 76279 76332 76279 started
Start 135 : 76279 76415 76279 started
Start 29 : 76279 76309 76279 started
Start 54 : 76279 76334 76279 started
Start 134 : 76279 76414 76279 started
Start 133 : 76279 76413 76279 started
Start 132 : 76279 76412 76279 started
Start 23 : 76279 76303 76279 started
Start 31 : 76279 76311 76279 started
Start 49 : 76279 76329 76279 started
Start 60 : 76279 76340 76279 started
Start 61 : 76279 76341 76279 started
Start 62 : 76279 76342 76279 started
Start 63 : 76279 76343 76279 started
Start 64 : 76279 76344 76279 started
Start 56 : 76279 76336 76279 started
Start 57 : 76279 76337 76279 started
Start 77 : 76279 76357 76279 started
Start 79 : 76279 76359 76279 started
Start 6 : 76279 76286 76279 started
Start 84 : 76279 76364 76279 started
Start 85 : 76279 76365 76279 started
Start 110 : 76279 76390 76279 started
Start 87 : 76279 76367 76279 started
Start 95 : 76279 76375 76279 started
Start 96 : 76279 76376 76279 started
Start 97 : 76279 76377 76279 started
Start 99 : 76279 76379 76279 started
Start 101 : 76279 76381 76279 started
Start 105 : 76279 76385 76279 started
Start 106 : 76279 76386 76279 started
Start 111 : 76279 76391 76279 started
Start 112 : 76279 76392 76279 started
Start 46 : 76279 76326 76279 started
Start 113 : 76279 76393 76279 started
Start 114 : 76279 76394 76279 started
Start 115 : 76279 76395 76279 started
Start 118 : 76279 76398 76279 started
Start 136 : 76279 76416 76279 started
Start 58 : 76279 76338 76279 started
Start 59 : 76279 76339 76279 started
Start 65 : 76279 76345 76279 started
Start 75 : 76279 76355 76279 started
Start 73 : 76279 76353 76279 started
Start 72 : 76279 76352 76279 started
Start 121 : 76279 76401 76279 started
Start 120 : 76279 76400 76279 started
Start 123 : 76279 76403 76279 started
Start 124 : 76279 76404 76279 started
Start 126 : 76279 76406 76279 started
Start 131 : 76279 76411 76279 started

!!! Main process, 76279, 76273, -1, 76279

?? Status of 0: pid: -1, 76279, 76273, run_time: 1[s]

?? Status of 0: pid: -1, 76279, 76273, run_time: 2[s]
^C

